# JRE version: Java(TM) SE Runtime Environment (12.0+33) (build 12+33)
# Java VM: Java HotSpot(TM) 64-Bit Server VM (12+33, mixed mode, sharing, tiered, compressed oops, g1 gc, windows-amd64)
Heap:
 garbage-first heap   total 45056K, used 21976K [0x00000000d2800000, 0x0000000100000000)
  region size 1024K, 7 young (7168K), 2 survivors (2048K)
 Metaspace       used 27389K, capacity 28182K, committed 28416K, reserved 1075200K
  class space    used 3064K, capacity 3323K, committed 3328K, reserved 1048576K
GC Heap History (10 events):
Event: 19.255 GC heap before
{Heap before GC invocations=10 (full 0):
 garbage-first heap   total 45056K, used 28531K [0x00000000d2800000, 0x0000000100000000)
  region size 1024K, 21 young (21504K), 4 survivors (4096K)
 Metaspace       used 23170K, capacity 23783K, committed 23936K, reserved 1071104K
  class space    used 2612K, capacity 2848K, committed 2944K, reserved 1048576K
}
Event: 19.273 GC heap after
{Heap after GC invocations=11 (full 0):
 garbage-first heap   total 45056K, used 13874K [0x00000000d2800000, 0x0000000100000000)
  region size 1024K, 3 young (3072K), 3 survivors (3072K)
 Metaspace       used 23170K, capacity 23783K, committed 23936K, reserved 1071104K
  class space    used 2612K, capacity 2848K, committed 2944K, reserved 1048576K
}
Event: 20.072 GC heap before
{Heap before GC invocations=11 (full 0):
 garbage-first heap   total 45056K, used 27186K [0x00000000d2800000, 0x0000000100000000)
  region size 1024K, 17 young (17408K), 3 survivors (3072K)
 Metaspace       used 23915K, capacity 24613K, committed 24704K, reserved 1071104K
  class space    used 2678K, capacity 2912K, committed 2944K, reserved 1048576K
}
Event: 20.135 GC heap after
{Heap after GC invocations=12 (full 0):
 garbage-first heap   total 45056K, used 16658K [0x00000000d2800000, 0x0000000100000000)
  region size 1024K, 3 young (3072K), 3 survivors (3072K)
 Metaspace       used 23915K, capacity 24613K, committed 24704K, reserved 1071104K
  class space    used 2678K, capacity 2912K, committed 2944K, reserved 1048576K
}
Event: 21.025 GC heap before
{Heap before GC invocations=12 (full 0):
 garbage-first heap   total 45056K, used 28946K [0x00000000d2800000, 0x0000000100000000)
  region size 1024K, 16 young (16384K), 3 survivors (3072K)
 Metaspace       used 24632K, capacity 25451K, committed 25600K, reserved 1071104K
  class space    used 2762K, capacity 2978K, committed 3072K, reserved 1048576K
}
Event: 21.033 GC heap after
{Heap after GC invocations=13 (full 0):
 garbage-first heap   total 45056K, used 17098K [0x00000000d2800000, 0x0000000100000000)
  region size 1024K, 1 young (1024K), 1 survivors (1024K)
 Metaspace       used 24632K, capacity 25451K, committed 25600K, reserved 1071104K
  class space    used 2762K, capacity 2978K, committed 3072K, reserved 1048576K
}
Event: 21.765 GC heap before
{Heap before GC invocations=13 (full 0):
 garbage-first heap   total 45056K, used 30410K [0x00000000d2800000, 0x0000000100000000)
  region size 1024K, 14 young (14336K), 1 survivors (1024K)
 Metaspace       used 25301K, capacity 26000K, committed 26240K, reserved 1073152K
  class space    used 2844K, capacity 3075K, committed 3200K, reserved 1048576K
}
Event: 21.769 GC heap after
{Heap after GC invocations=14 (full 0):
 garbage-first heap   total 45056K, used 17255K [0x00000000d2800000, 0x0000000100000000)
  region size 1024K, 1 young (1024K), 1 survivors (1024K)
 Metaspace       used 25301K, capacity 26000K, committed 26240K, reserved 1073152K
  class space    used 2844K, capacity 3075K, committed 3200K, reserved 1048576K
}
Event: 23.320 GC heap before
{Heap before GC invocations=14 (full 0):
 garbage-first heap   total 45056K, used 30567K [0x00000000d2800000, 0x0000000100000000)
  region size 1024K, 15 young (15360K), 1 survivors (1024K)
 Metaspace       used 26438K, capacity 27233K, committed 27392K, reserved 1073152K
  class space    used 2968K, capacity 3218K, committed 3328K, reserved 1048576K
}
Event: 23.328 GC heap after
{Heap after GC invocations=15 (full 0):
 garbage-first heap   total 45056K, used 17880K [0x00000000d2800000, 0x0000000100000000)
  region size 1024K, 2 young (2048K), 2 survivors (2048K)
 Metaspace       used 26438K, capacity 27233K, committed 27392K, reserved 1073152K
  class space    used 2968K, capacity 3218K, committed 3328K, reserved 1048576K
}

