# JRE version: Java(TM) SE Runtime Environment (12.0+33) (build 12+33)
# Java VM: Java HotSpot(TM) 64-Bit Server VM (12+33, mixed mode, sharing, tiered, compressed oops, g1 gc, windows-amd64)
Heap:
 garbage-first heap   total 86016K, used 53085K [0x00000000d2800000, 0x0000000100000000)
  region size 1024K, 26 young (26624K), 3 survivors (3072K)
 Metaspace       used 32826K, capacity 33549K, committed 33792K, reserved 1079296K
  class space    used 3446K, capacity 3718K, committed 3840K, reserved 1048576K
GC Heap History (10 events):
Event: 21.474 GC heap before
{Heap before GC invocations=22 (full 0):
 garbage-first heap   total 51200K, used 39707K [0x00000000d2800000, 0x0000000100000000)
  region size 1024K, 18 young (18432K), 3 survivors (3072K)
 Metaspace       used 23201K, capacity 23876K, committed 24064K, reserved 1071104K
  class space    used 2548K, capacity 2799K, committed 2816K, reserved 1048576K
}
Event: 21.487 GC heap after
{Heap after GC invocations=23 (full 0):
 garbage-first heap   total 61440K, used 24587K [0x00000000d2800000, 0x0000000100000000)
  region size 1024K, 3 young (3072K), 3 survivors (3072K)
 Metaspace       used 23201K, capacity 23876K, committed 24064K, reserved 1071104K
  class space    used 2548K, capacity 2799K, committed 2816K, reserved 1048576K
}
Event: 21.743 GC heap before
{Heap before GC invocations=23 (full 0):
 garbage-first heap   total 61440K, used 45067K [0x00000000d2800000, 0x0000000100000000)
  region size 1024K, 23 young (23552K), 3 survivors (3072K)
 Metaspace       used 23206K, capacity 23876K, committed 24064K, reserved 1071104K
  class space    used 2548K, capacity 2799K, committed 2816K, reserved 1048576K
}
Event: 21.755 GC heap after
{Heap after GC invocations=24 (full 0):
 garbage-first heap   total 61440K, used 25384K [0x00000000d2800000, 0x0000000100000000)
  region size 1024K, 3 young (3072K), 3 survivors (3072K)
 Metaspace       used 23206K, capacity 23876K, committed 24064K, reserved 1071104K
  class space    used 2548K, capacity 2799K, committed 2816K, reserved 1048576K
}
Event: 22.005 GC heap before
{Heap before GC invocations=24 (full 0):
 garbage-first heap   total 61440K, used 45864K [0x00000000d2800000, 0x0000000100000000)
  region size 1024K, 23 young (23552K), 3 survivors (3072K)
 Metaspace       used 23207K, capacity 23876K, committed 24064K, reserved 1071104K
  class space    used 2548K, capacity 2799K, committed 2816K, reserved 1048576K
}
Event: 22.018 GC heap after
{Heap after GC invocations=25 (full 0):
 garbage-first heap   total 61440K, used 26042K [0x00000000d2800000, 0x0000000100000000)
  region size 1024K, 2 young (2048K), 2 survivors (2048K)
 Metaspace       used 23207K, capacity 23876K, committed 24064K, reserved 1071104K
  class space    used 2548K, capacity 2799K, committed 2816K, reserved 1048576K
}
Event: 22.693 GC heap before
{Heap before GC invocations=25 (full 0):
 garbage-first heap   total 61440K, used 46522K [0x00000000d2800000, 0x0000000100000000)
  region size 1024K, 22 young (22528K), 2 survivors (2048K)
 Metaspace       used 24393K, capacity 25173K, committed 25344K, reserved 1071104K
  class space    used 2679K, capacity 2978K, committed 3072K, reserved 1048576K
}
Event: 22.707 GC heap after
{Heap after GC invocations=26 (full 0):
 garbage-first heap   total 61440K, used 27175K [0x00000000d2800000, 0x0000000100000000)
  region size 1024K, 2 young (2048K), 2 survivors (2048K)
 Metaspace       used 24393K, capacity 25173K, committed 25344K, reserved 1071104K
  class space    used 2679K, capacity 2978K, committed 3072K, reserved 1048576K
}
Event: 46.427 GC heap before
{Heap before GC invocations=26 (full 0):
 garbage-first heap   total 61440K, used 46631K [0x00000000d2800000, 0x0000000100000000)
  region size 1024K, 22 young (22528K), 2 survivors (2048K)
 Metaspace       used 28854K, capacity 29503K, committed 29568K, reserved 1075200K
  class space    used 3152K, capacity 3396K, committed 3456K, reserved 1048576K
}
Event: 46.441 GC heap after
{Heap after GC invocations=27 (full 0):
 garbage-first heap   total 86016K, used 31581K [0x00000000d2800000, 0x0000000100000000)
  region size 1024K, 3 young (3072K), 3 survivors (3072K)
 Metaspace       used 28854K, capacity 29503K, committed 29568K, reserved 1075200K
  class space    used 3152K, capacity 3396K, committed 3456K, reserved 1048576K
}

