# JRE version: Java(TM) SE Runtime Environment (12.0+33) (build 12+33)
# Java VM: Java HotSpot(TM) 64-Bit Server VM (12+33, mixed mode, sharing, tiered, compressed oops, g1 gc, windows-amd64)
Heap:
 garbage-first heap   total 73728K, used 51083K [0x00000000d2800000, 0x0000000100000000)
  region size 1024K, 26 young (26624K), 4 survivors (4096K)
 Metaspace       used 32260K, capacity 32927K, committed 33152K, reserved 1079296K
  class space    used 3417K, capacity 3683K, committed 3712K, reserved 1048576K
GC Heap History (10 events):
Event: 14.161 GC heap before
{Heap before GC invocations=16 (full 0):
 garbage-first heap   total 61440K, used 45880K [0x00000000d2800000, 0x0000000100000000)
  region size 1024K, 28 young (28672K), 4 survivors (4096K)
 Metaspace       used 22620K, capacity 23258K, committed 23552K, reserved 1071104K
  class space    used 2518K, capacity 2764K, committed 2816K, reserved 1048576K
}
Event: 14.175 GC heap after
{Heap after GC invocations=17 (full 0):
 garbage-first heap   total 61440K, used 21760K [0x00000000d2800000, 0x0000000100000000)
  region size 1024K, 3 young (3072K), 3 survivors (3072K)
 Metaspace       used 22620K, capacity 23258K, committed 23552K, reserved 1071104K
  class space    used 2518K, capacity 2764K, committed 2816K, reserved 1048576K
}
Event: 14.401 GC heap before
{Heap before GC invocations=17 (full 0):
 garbage-first heap   total 61440K, used 45312K [0x00000000d2800000, 0x0000000100000000)
  region size 1024K, 26 young (26624K), 3 survivors (3072K)
 Metaspace       used 22622K, capacity 23258K, committed 23552K, reserved 1071104K
  class space    used 2518K, capacity 2764K, committed 2816K, reserved 1048576K
}
Event: 14.415 GC heap after
{Heap after GC invocations=18 (full 0):
 garbage-first heap   total 61440K, used 22916K [0x00000000d2800000, 0x0000000100000000)
  region size 1024K, 2 young (2048K), 2 survivors (2048K)
 Metaspace       used 22622K, capacity 23258K, committed 23552K, reserved 1071104K
  class space    used 2518K, capacity 2764K, committed 2816K, reserved 1048576K
}
Event: 14.585 GC heap before
{Heap before GC invocations=18 (full 0):
 garbage-first heap   total 61440K, used 47492K [0x00000000d2800000, 0x0000000100000000)
  region size 1024K, 26 young (26624K), 2 survivors (2048K)
 Metaspace       used 22622K, capacity 23258K, committed 23552K, reserved 1071104K
  class space    used 2518K, capacity 2764K, committed 2816K, reserved 1048576K
}
Event: 14.599 GC heap after
{Heap after GC invocations=19 (full 0):
 garbage-first heap   total 73728K, used 23965K [0x00000000d2800000, 0x0000000100000000)
  region size 1024K, 3 young (3072K), 3 survivors (3072K)
 Metaspace       used 22622K, capacity 23258K, committed 23552K, reserved 1071104K
  class space    used 2518K, capacity 2764K, committed 2816K, reserved 1048576K
}
Event: 14.923 GC heap before
{Heap before GC invocations=19 (full 0):
 garbage-first heap   total 73728K, used 53661K [0x00000000d2800000, 0x0000000100000000)
  region size 1024K, 32 young (32768K), 3 survivors (3072K)
 Metaspace       used 22678K, capacity 23322K, committed 23552K, reserved 1071104K
  class space    used 2523K, capacity 2764K, committed 2816K, reserved 1048576K
}
Event: 14.941 GC heap after
{Heap after GC invocations=20 (full 0):
 garbage-first heap   total 73728K, used 24801K [0x00000000d2800000, 0x0000000100000000)
  region size 1024K, 4 young (4096K), 4 survivors (4096K)
 Metaspace       used 22678K, capacity 23322K, committed 23552K, reserved 1071104K
  class space    used 2523K, capacity 2764K, committed 2816K, reserved 1048576K
}
Event: 30.940 GC heap before
{Heap before GC invocations=20 (full 0):
 garbage-first heap   total 73728K, used 53473K [0x00000000d2800000, 0x0000000100000000)
  region size 1024K, 32 young (32768K), 4 survivors (4096K)
 Metaspace       used 28462K, capacity 29077K, committed 29312K, reserved 1075200K
  class space    used 3125K, capacity 3361K, committed 3456K, reserved 1048576K
}
Event: 30.958 GC heap after
{Heap after GC invocations=21 (full 0):
 garbage-first heap   total 73728K, used 29579K [0x00000000d2800000, 0x0000000100000000)
  region size 1024K, 4 young (4096K), 4 survivors (4096K)
 Metaspace       used 28462K, capacity 29077K, committed 29312K, reserved 1075200K
  class space    used 3125K, capacity 3361K, committed 3456K, reserved 1048576K
}

