# JRE version: Java(TM) SE Runtime Environment (12.0+33) (build 12+33)
# Java VM: Java HotSpot(TM) 64-Bit Server VM (12+33, mixed mode, sharing, tiered, compressed oops, g1 gc, windows-amd64)
Heap:
 garbage-first heap   total 110592K, used 31588K [0x00000000d2800000, 0x0000000100000000)
  region size 1024K, 3 young (3072K), 3 survivors (3072K)
 Metaspace       used 32889K, capacity 33771K, committed 35376K, reserved 1081344K
  class space    used 3668K, capacity 4007K, committed 4224K, reserved 1048576K
GC Heap History (10 events):
Event: 26.346 GC heap after
{Heap after GC invocations=29 (full 0):
 garbage-first heap   total 54272K, used 26583K [0x00000000d2800000, 0x0000000100000000)
  region size 1024K, 1 young (1024K), 1 survivors (1024K)
 Metaspace       used 32871K, capacity 33707K, committed 35376K, reserved 1081344K
  class space    used 3667K, capacity 4007K, committed 4224K, reserved 1048576K
}
Event: 26.518 GC heap before
{Heap before GC invocations=29 (full 0):
 garbage-first heap   total 54272K, used 41943K [0x00000000d2800000, 0x0000000100000000)
  region size 1024K, 16 young (16384K), 1 survivors (1024K)
 Metaspace       used 32872K, capacity 33707K, committed 35376K, reserved 1081344K
  class space    used 3667K, capacity 4007K, committed 4224K, reserved 1048576K
}
Event: 26.528 GC heap after
{Heap after GC invocations=30 (full 0):
 garbage-first heap   total 67584K, used 27563K [0x00000000d2800000, 0x0000000100000000)
  region size 1024K, 2 young (2048K), 2 survivors (2048K)
 Metaspace       used 32872K, capacity 33707K, committed 35376K, reserved 1081344K
  class space    used 3667K, capacity 4007K, committed 4224K, reserved 1048576K
}
Event: 26.921 GC heap before
{Heap before GC invocations=31 (full 0):
 garbage-first heap   total 67584K, used 51115K [0x00000000d2800000, 0x0000000100000000)
  region size 1024K, 25 young (25600K), 2 survivors (2048K)
 Metaspace       used 32880K, capacity 33707K, committed 35376K, reserved 1081344K
  class space    used 3667K, capacity 4007K, committed 4224K, reserved 1048576K
}
Event: 26.935 GC heap after
{Heap after GC invocations=32 (full 0):
 garbage-first heap   total 67584K, used 29090K [0x00000000d2800000, 0x0000000100000000)
  region size 1024K, 3 young (3072K), 3 survivors (3072K)
 Metaspace       used 32880K, capacity 33707K, committed 35376K, reserved 1081344K
  class space    used 3667K, capacity 4007K, committed 4224K, reserved 1048576K
}
Event: 26.947 GC heap before
{Heap before GC invocations=32 (full 0):
 garbage-first heap   total 67584K, used 30114K [0x00000000d2800000, 0x0000000100000000)
  region size 1024K, 4 young (4096K), 3 survivors (3072K)
 Metaspace       used 32880K, capacity 33707K, committed 35376K, reserved 1081344K
  class space    used 3667K, capacity 4007K, committed 4224K, reserved 1048576K
}
Event: 26.959 GC heap after
{Heap after GC invocations=33 (full 0):
 garbage-first heap   total 67584K, used 28418K [0x00000000d2800000, 0x0000000100000000)
  region size 1024K, 1 young (1024K), 1 survivors (1024K)
 Metaspace       used 32880K, capacity 33707K, committed 35376K, reserved 1081344K
  class space    used 3667K, capacity 4007K, committed 4224K, reserved 1048576K
}
Event: 27.215 GC heap before
{Heap before GC invocations=33 (full 0):
 garbage-first heap   total 67584K, used 50946K [0x00000000d2800000, 0x0000000100000000)
  region size 1024K, 23 young (23552K), 1 survivors (1024K)
 Metaspace       used 32888K, capacity 33771K, committed 35376K, reserved 1081344K
  class space    used 3668K, capacity 4007K, committed 4224K, reserved 1048576K
}
Event: 27.226 GC heap after
{Heap after GC invocations=34 (full 0):
 garbage-first heap   total 67584K, used 29800K [0x00000000d2800000, 0x0000000100000000)
  region size 1024K, 2 young (2048K), 2 survivors (2048K)
 Metaspace       used 32888K, capacity 33771K, committed 35376K, reserved 1081344K
  class space    used 3668K, capacity 4007K, committed 4224K, reserved 1048576K
}
Event: 27.464 GC heap before
{Heap before GC invocations=34 (full 0):
 garbage-first heap   total 67584K, used 52328K [0x00000000d2800000, 0x0000000100000000)
  region size 1024K, 24 young (24576K), 2 survivors (2048K)
 Metaspace       used 32889K, capacity 33771K, committed 35376K, reserved 1081344K
  class space    used 3668K, capacity 4007K, committed 4224K, reserved 1048576K
}

