# JRE version: Java(TM) SE Runtime Environment (12.0+33) (build 12+33)
# Java VM: Java HotSpot(TM) 64-Bit Server VM (12+33, mixed mode, sharing, tiered, compressed oops, g1 gc, windows-amd64)
Heap:
 garbage-first heap   total 99328K, used 29814K [0x00000000d2800000, 0x0000000100000000)
  region size 1024K, 3 young (3072K), 3 survivors (3072K)
 Metaspace       used 33482K, capacity 34400K, committed 34560K, reserved 1079296K
  class space    used 3705K, capacity 4016K, committed 4096K, reserved 1048576K
GC Heap History (10 events):
Event: 33.824 GC heap after
{Heap after GC invocations=34 (full 0):
 garbage-first heap   total 48128K, used 26833K [0x00000000d2800000, 0x0000000100000000)
  region size 1024K, 1 young (1024K), 1 survivors (1024K)
 Metaspace       used 33469K, capacity 34400K, committed 34560K, reserved 1079296K
  class space    used 3704K, capacity 4016K, committed 4096K, reserved 1048576K
}
Event: 33.834 GC heap before
{Heap before GC invocations=34 (full 0):
 garbage-first heap   total 48128K, used 27857K [0x00000000d2800000, 0x0000000100000000)
  region size 1024K, 2 young (2048K), 1 survivors (1024K)
 Metaspace       used 33469K, capacity 34400K, committed 34560K, reserved 1079296K
  class space    used 3704K, capacity 4016K, committed 4096K, reserved 1048576K
}
Event: 33.843 GC heap after
{Heap after GC invocations=35 (full 0):
 garbage-first heap   total 58368K, used 25344K [0x00000000d2800000, 0x0000000100000000)
  region size 1024K, 1 young (1024K), 1 survivors (1024K)
 Metaspace       used 33469K, capacity 34400K, committed 34560K, reserved 1079296K
  class space    used 3704K, capacity 4016K, committed 4096K, reserved 1048576K
}
Event: 34.031 GC heap before
{Heap before GC invocations=35 (full 0):
 garbage-first heap   total 58368K, used 41728K [0x00000000d2800000, 0x0000000100000000)
  region size 1024K, 17 young (17408K), 1 survivors (1024K)
 Metaspace       used 33469K, capacity 34400K, committed 34560K, reserved 1079296K
  class space    used 3704K, capacity 4016K, committed 4096K, reserved 1048576K
}
Event: 34.041 GC heap after
{Heap after GC invocations=36 (full 0):
 garbage-first heap   total 58368K, used 26786K [0x00000000d2800000, 0x0000000100000000)
  region size 1024K, 2 young (2048K), 2 survivors (2048K)
 Metaspace       used 33469K, capacity 34400K, committed 34560K, reserved 1079296K
  class space    used 3704K, capacity 4016K, committed 4096K, reserved 1048576K
}
Event: 34.233 GC heap before
{Heap before GC invocations=36 (full 0):
 garbage-first heap   total 58368K, used 43170K [0x00000000d2800000, 0x0000000100000000)
  region size 1024K, 18 young (18432K), 2 survivors (2048K)
 Metaspace       used 33472K, capacity 34400K, committed 34560K, reserved 1079296K
  class space    used 3704K, capacity 4016K, committed 4096K, reserved 1048576K
}
Event: 34.246 GC heap after
{Heap after GC invocations=37 (full 0):
 garbage-first heap   total 58368K, used 27972K [0x00000000d2800000, 0x0000000100000000)
  region size 1024K, 3 young (3072K), 3 survivors (3072K)
 Metaspace       used 33472K, capacity 34400K, committed 34560K, reserved 1079296K
  class space    used 3704K, capacity 4016K, committed 4096K, reserved 1048576K
}
Event: 34.448 GC heap before
{Heap before GC invocations=37 (full 0):
 garbage-first heap   total 58368K, used 44356K [0x00000000d2800000, 0x0000000100000000)
  region size 1024K, 19 young (19456K), 3 survivors (3072K)
 Metaspace       used 33476K, capacity 34400K, committed 34560K, reserved 1079296K
  class space    used 3704K, capacity 4016K, committed 4096K, reserved 1048576K
}
Event: 34.461 GC heap after
{Heap after GC invocations=38 (full 0):
 garbage-first heap   total 58368K, used 28704K [0x00000000d2800000, 0x0000000100000000)
  region size 1024K, 3 young (3072K), 3 survivors (3072K)
 Metaspace       used 33476K, capacity 34400K, committed 34560K, reserved 1079296K
  class space    used 3704K, capacity 4016K, committed 4096K, reserved 1048576K
}
Event: 34.677 GC heap before
{Heap before GC invocations=38 (full 0):
 garbage-first heap   total 58368K, used 45088K [0x00000000d2800000, 0x0000000100000000)
  region size 1024K, 19 young (19456K), 3 survivors (3072K)
 Metaspace       used 33482K, capacity 34400K, committed 34560K, reserved 1079296K
  class space    used 3705K, capacity 4016K, committed 4096K, reserved 1048576K
}

