# JRE version: Java(TM) SE Runtime Environment (12.0+33) (build 12+33)
# Java VM: Java HotSpot(TM) 64-Bit Server VM (12+33, mixed mode, sharing, tiered, compressed oops, g1 gc, windows-amd64)
Heap:
 garbage-first heap   total 45056K, used 29699K [0x00000000d2800000, 0x0000000100000000)
  region size 1024K, 14 young (14336K), 1 survivors (1024K)
 Metaspace       used 26657K, capacity 27423K, committed 27644K, reserved 1073152K
  class space    used 2985K, capacity 3221K, committed 3328K, reserved 1048576K
GC Heap History (10 events):
Event: 20.921 GC heap before
{Heap before GC invocations=8 (full 0):
 garbage-first heap   total 47104K, used 15677K [0x00000000d2800000, 0x0000000100000000)
  region size 1024K, 10 young (10240K), 2 survivors (2048K)
 Metaspace       used 20487K, capacity 21137K, committed 21248K, reserved 1069056K
  class space    used 2347K, capacity 2544K, committed 2560K, reserved 1048576K
}
Event: 20.935 GC heap after
{Heap after GC invocations=9 (full 0):
 garbage-first heap   total 47104K, used 10888K [0x00000000d2800000, 0x0000000100000000)
  region size 1024K, 4 young (4096K), 4 survivors (4096K)
 Metaspace       used 20487K, capacity 21137K, committed 21248K, reserved 1069056K
  class space    used 2347K, capacity 2544K, committed 2560K, reserved 1048576K
}
Event: 22.252 GC heap before
{Heap before GC invocations=10 (full 0):
 garbage-first heap   total 45056K, used 28296K [0x00000000d2800000, 0x0000000100000000)
  region size 1024K, 21 young (21504K), 4 survivors (4096K)
 Metaspace       used 23210K, capacity 23903K, committed 24188K, reserved 1071104K
  class space    used 2608K, capacity 2848K, committed 2944K, reserved 1048576K
}
Event: 22.270 GC heap after
{Heap after GC invocations=11 (full 0):
 garbage-first heap   total 45056K, used 13708K [0x00000000d2800000, 0x0000000100000000)
  region size 1024K, 3 young (3072K), 3 survivors (3072K)
 Metaspace       used 23210K, capacity 23903K, committed 24188K, reserved 1071104K
  class space    used 2608K, capacity 2848K, committed 2944K, reserved 1048576K
}
Event: 23.285 GC heap before
{Heap before GC invocations=11 (full 0):
 garbage-first heap   total 45056K, used 28044K [0x00000000d2800000, 0x0000000100000000)
  region size 1024K, 18 young (18432K), 3 survivors (3072K)
 Metaspace       used 24056K, capacity 24862K, committed 24956K, reserved 1071104K
  class space    used 2678K, capacity 2912K, committed 2944K, reserved 1048576K
}
Event: 23.307 GC heap after
{Heap after GC invocations=12 (full 0):
 garbage-first heap   total 45056K, used 16457K [0x00000000d2800000, 0x0000000100000000)
  region size 1024K, 3 young (3072K), 3 survivors (3072K)
 Metaspace       used 24056K, capacity 24862K, committed 24956K, reserved 1071104K
  class space    used 2678K, capacity 2912K, committed 2944K, reserved 1048576K
}
Event: 24.085 GC heap before
{Heap before GC invocations=12 (full 0):
 garbage-first heap   total 45056K, used 29769K [0x00000000d2800000, 0x0000000100000000)
  region size 1024K, 17 young (17408K), 3 survivors (3072K)
 Metaspace       used 24757K, capacity 25508K, committed 25852K, reserved 1073152K
  class space    used 2768K, capacity 2978K, committed 3072K, reserved 1048576K
}
Event: 24.096 GC heap after
{Heap after GC invocations=13 (full 0):
 garbage-first heap   total 45056K, used 17181K [0x00000000d2800000, 0x0000000100000000)
  region size 1024K, 1 young (1024K), 1 survivors (1024K)
 Metaspace       used 24757K, capacity 25508K, committed 25852K, reserved 1073152K
  class space    used 2768K, capacity 2978K, committed 3072K, reserved 1048576K
}
Event: 24.896 GC heap before
{Heap before GC invocations=13 (full 0):
 garbage-first heap   total 45056K, used 30493K [0x00000000d2800000, 0x0000000100000000)
  region size 1024K, 15 young (15360K), 1 survivors (1024K)
 Metaspace       used 25500K, capacity 26276K, committed 26492K, reserved 1073152K
  class space    used 2852K, capacity 3083K, committed 3200K, reserved 1048576K
}
Event: 24.901 GC heap after
{Heap after GC invocations=14 (full 0):
 garbage-first heap   total 45056K, used 17411K [0x00000000d2800000, 0x0000000100000000)
  region size 1024K, 1 young (1024K), 1 survivors (1024K)
 Metaspace       used 25500K, capacity 26276K, committed 26492K, reserved 1073152K
  class space    used 2852K, capacity 3083K, committed 3200K, reserved 1048576K
}

